<?xml version="1.0" encoding="utf-8"?><testsuites name="pytest tests"><testsuite name="pytest" errors="0" failures="15" skipped="0" tests="211" time="13.366" timestamp="2025-08-29T13:05:26.128226+00:00" hostname="kali"><testcase classname="tests.common.test_config_watcher.TestConfigWatcher" name="test_initialization" time="0.003" /><testcase classname="tests.common.test_config_watcher.TestConfigWatcher" name="test_load_initial_configs" time="0.003" /><testcase classname="tests.common.test_config_watcher.TestConfigWatcher" name="test_register_callback" time="0.004" /><testcase classname="tests.common.test_config_watcher.TestConfigWatcher" name="test_config_change_detection" time="0.519" /><testcase classname="tests.common.test_config_watcher.TestConfigWatcher" name="test_config_validation" time="0.504" /><testcase classname="tests.common.test_config_watcher.TestConfigWatcher" name="test_config_reactive_decorator" time="0.504" /><testcase classname="tests.performance.test_cache_benchmark.TestCacheBenchmark" name="test_lru_cache_hit_miss_ratio" time="0.000"><failure message="NameError: name 'LRUCache' is not defined">tests/performance/test_cache_benchmark.py:41: in test_lru_cache_hit_miss_ratio
    cache = LRUCache(max_size=size)
            ^^^^^^^^
E   NameError: name 'LRUCache' is not defined</failure></testcase><testcase classname="tests.performance.test_cache_benchmark.TestCacheBenchmark" name="test_intelligent_cache_performance" time="0.001"><failure message="NameError: name 'logger' is not defined">tests/performance/test_cache_benchmark.py:83: in test_intelligent_cache_performance
    logger.info(f"Initializing cache with directory: {os.path.abspath(cache_dir)}")
    ^^^^^^
E   NameError: name 'logger' is not defined</failure></testcase><testcase classname="tests.performance.test_cache_benchmark.TestCacheBenchmark" name="test_indicator_cache_performance" time="0.000"><failure message="NameError: name 'indicator_cache' is not defined">tests/performance/test_cache_benchmark.py:206: in test_indicator_cache_performance
    _ = indicator_cache.get_cached_indicator(
        ^^^^^^^^^^^^^^^
E   NameError: name 'indicator_cache' is not defined</failure></testcase><testcase classname="tests.performance.test_cache_benchmark.TestCacheBenchmark" name="test_concurrent_access" time="0.000"><failure message="NameError: name 'LRUCache' is not defined">tests/performance/test_cache_benchmark.py:240: in test_concurrent_access
    cache = LRUCache(max_size=1000)
            ^^^^^^^^
E   NameError: name 'LRUCache' is not defined</failure></testcase><testcase classname="tests.performance.test_cache_performance.TestCachePerformance" name="test_cache_hit_miss_ratio" time="0.050" /><testcase classname="tests.performance.test_cache_performance.TestCachePerformance" name="test_cache_performance_under_load" time="0.006" /><testcase classname="tests.performance.test_data_loading_performance.TestDataLoadingPerformance" name="test_data_loading_speed" time="0.011"><failure message="ValueError: Aucune configuration de features trouvée pour les timeframes spécifiés.">tests/performance/test_data_loading_performance.py:107: in test_data_loading_speed
    loader = ChunkedDataLoader(self.config, self.worker_config)
             ^^^^^^^^^^^^^^^^^^^^^^^^^^^^^^^^^^^^^^^^^^^^^^^^^^
src/adan_trading_bot/data_processing/data_loader.py:65: in __init__
    self.features_by_timeframe = self._init_features_by_timeframe()
                                 ^^^^^^^^^^^^^^^^^^^^^^^^^^^^^^^^^^
src/adan_trading_bot/data_processing/data_loader.py:147: in _init_features_by_timeframe
    raise ValueError(
E   ValueError: Aucune configuration de features trouvée pour les timeframes spécifiés.</failure></testcase><testcase classname="tests.performance.test_data_loading_performance.TestDataLoadingPerformance" name="test_state_building_performance" time="0.107"><failure message="AssertionError: Tuples differ: (2, 50, 15) != (2, 50, 5)&#10;&#10;First differing element 2:&#10;15&#10;5&#10;&#10;- (2, 50, 15)&#10;?         -&#10;&#10;+ (2, 50, 5)">tests/performance/test_data_loading_performance.py:174: in test_state_building_performance
    self.assertEqual(obs_shape, (2, window_size, 5))  # 2 timeframes, window_size, 5 features
    ^^^^^^^^^^^^^^^^^^^^^^^^^^^^^^^^^^^^^^^^^^^^^^^^
E   AssertionError: Tuples differ: (2, 50, 15) != (2, 50, 5)
E   
E   First differing element 2:
E   15
E   5
E   
E   - (2, 50, 15)
E   ?         -
E   
E   + (2, 50, 5)</failure></testcase><testcase classname="tests.unit.common.test_enhanced_config_manager.TestEnhancedConfigManager" name="test_change_callbacks" time="0.014" /><testcase classname="tests.unit.common.test_enhanced_config_manager.TestEnhancedConfigManager" name="test_configuration_validation" time="0.014" /><testcase classname="tests.unit.common.test_enhanced_config_manager.TestEnhancedConfigManager" name="test_environment_variable_resolution" time="0.012" /><testcase classname="tests.unit.common.test_enhanced_config_manager.TestEnhancedConfigManager" name="test_get_config_value" time="0.011" /><testcase classname="tests.unit.common.test_enhanced_config_manager.TestEnhancedConfigManager" name="test_initialization" time="0.012" /><testcase classname="tests.unit.common.test_enhanced_config_manager.TestEnhancedConfigManager" name="test_load_configurations" time="0.012" /><testcase classname="tests.unit.common.test_enhanced_config_manager.TestEnhancedConfigManager" name="test_missing_configuration" time="0.011" /><testcase classname="tests.unit.common.test_enhanced_config_manager.TestEnhancedConfigManager" name="test_reload_config" time="0.016" /><testcase classname="tests.unit.common.test_enhanced_config_manager.TestEnhancedConfigManager" name="test_set_config_value" time="0.014" /><testcase classname="tests.unit.common.test_enhanced_config_manager.TestEnhancedConfigManager" name="test_status_information" time="0.012" /><testcase classname="tests.unit.common.test_enhanced_config_manager.TestEnhancedConfigManager" name="test_thread_safety" time="0.181" /><testcase classname="tests.unit.common.test_enhanced_config_manager.TestEnhancedConfigManagerHotReload" name="test_hot_reload_disabled" time="0.002" /><testcase classname="tests.unit.common.test_enhanced_config_manager.TestEnhancedConfigManagerHotReload" name="test_hot_reload_initialization" time="0.004" /><testcase classname="tests.unit.common.test_memory_manager.TestMemoryManager" name="test_garbage_collection" time="0.312" /><testcase classname="tests.unit.common.test_memory_manager.TestMemoryManager" name="test_loss_scaling" time="0.104" /><testcase classname="tests.unit.common.test_memory_manager.TestMemoryManager" name="test_memory_efficient_decorator" time="0.294" /><testcase classname="tests.unit.common.test_memory_manager.TestMemoryManager" name="test_memory_manager_initialization" time="0.105" /><testcase classname="tests.unit.common.test_memory_manager.TestMemoryManager" name="test_memory_stats_collection" time="0.110" /><testcase classname="tests.unit.common.test_memory_manager.TestMemoryManager" name="test_memory_stats_with_mock" time="0.122" /><testcase classname="tests.unit.common.test_memory_manager.TestMemoryManager" name="test_memory_summary" time="0.112" /><testcase classname="tests.unit.common.test_memory_manager.TestMemoryManager" name="test_mixed_precision_context" time="0.127" /><testcase classname="tests.unit.common.test_memory_manager.TestMemoryManager" name="test_monitoring_thread_lifecycle" time="0.321" /><testcase classname="tests.unit.common.test_memory_manager.TestMemoryManager" name="test_optimizer_step" time="1.096" /><testcase classname="tests.unit.common.test_memory_manager.TestMemoryManager" name="test_pressure_callbacks" time="0.259" /><testcase classname="tests.unit.common.test_memory_manager.TestMemoryManager" name="test_pressure_level_detection" time="0.144" /><testcase classname="tests.unit.common.test_memory_manager.TestMemoryManager" name="test_shutdown" time="0.293" /><testcase classname="tests.unit.common.test_memory_manager.TestMemoryManager" name="test_training_optimization" time="0.266" /><testcase classname="tests.unit.common.test_memory_manager.TestMemoryUtilities" name="test_memory_profile_decorator" time="0.009" /><testcase classname="tests.unit.common.test_memory_manager.TestMemoryUtilities" name="test_tensor_memory_usage" time="0.000" /><testcase classname="tests.unit.common.test_memory_manager.TestMemoryStats" name="test_memory_stats_creation" time="0.000" /><testcase classname="tests.unit.common.test_memory_manager.TestMemoryStats" name="test_memory_stats_with_gpu" time="0.000" /><testcase classname="tests.unit.common.test_system_metrics.TestSystemMetricsCollector" name="test_disabled_collector" time="0.000" /><testcase classname="tests.unit.common.test_system_metrics.TestSystemMetricsCollector" name="test_initialization" time="0.000" /><testcase classname="tests.unit.common.test_system_metrics.TestSystemMetricsCollector" name="test_metrics_summary" time="0.000" /><testcase classname="tests.unit.common.test_system_metrics.TestSystemMetricsCollector" name="test_update_metrics" time="0.002" /><testcase classname="tests.unit.data_processing.test_data_loader.TestChunkedDataLoader" name="test_init_with_defaults" time="0.008" /><testcase classname="tests.unit.data_processing.test_data_loader.TestChunkedDataLoader" name="test_lazy_loading" time="0.005" /><testcase classname="tests.unit.data_processing.test_data_loader.TestChunkedDataLoader" name="test_load_chunk" time="0.004" /><testcase classname="tests.unit.data_processing.test_data_loader.TestChunkedDataLoader" name="test_memory_efficiency" time="0.007" /><testcase classname="tests.unit.data_processing.test_data_validation.TestDataValidation" name="test_batch_validation" time="0.002"><failure message="AssertionError: False is not true">tests/unit/data_processing/test_data_validation.py:189: in test_batch_validation
    self.assertTrue(
E   AssertionError: False is not true</failure></testcase><testcase classname="tests.unit.data_processing.test_data_validation.TestDataValidation" name="test_custom_configuration" time="0.001" /><testcase classname="tests.unit.data_processing.test_data_validation.TestDataValidation" name="test_logging_validation_results" time="0.003" /><testcase classname="tests.unit.data_processing.test_data_validation.TestDataValidation" name="test_reset_statistics" time="0.002" /><testcase classname="tests.unit.data_processing.test_data_validation.TestDataValidation" name="test_validate_clean_data" time="0.001" /><testcase classname="tests.unit.data_processing.test_data_validation.TestDataValidation" name="test_validate_dirty_data" time="0.001" /><testcase classname="tests.unit.data_processing.test_data_validation.TestDataValidation" name="test_validation_report_export" time="0.001"><failure message="TypeError: 'type' object is not iterable">tests/unit/data_processing/test_data_validation.py:234: in test_validation_report_export
    self.validator.save_validation_report(results, report_path)
src/adan_trading_bot/data_processing/observation_validator.py:805: in save_validation_report
    'levels': {
E   TypeError: 'type' object is not iterable</failure></testcase><testcase classname="tests.unit.data_processing.test_data_validation.TestDataValidation" name="test_validation_statistics" time="0.002" /><testcase classname="tests.unit.data_processing.test_data_validation.TestDataValidation" name="test_validation_with_constant_data" time="0.001" /><testcase classname="tests.unit.data_processing.test_data_validation.TestDataValidation" name="test_validation_with_different_dtypes" time="0.001" /><testcase classname="tests.unit.data_processing.test_data_validation.TestDataValidation" name="test_validation_with_duplicate_sequences" time="0.001" /><testcase classname="tests.unit.data_processing.test_data_validation.TestDataValidation" name="test_validation_with_invalid_shape" time="0.001" /><testcase classname="tests.unit.data_processing.test_observation_validator_simple.TestObservationValidatorSimple" name="test_batch_validation" time="0.001" /><testcase classname="tests.unit.data_processing.test_observation_validator_simple.TestObservationValidatorSimple" name="test_validate_clean_data" time="0.001" /><testcase classname="tests.unit.data_processing.test_observation_validator_simple.TestObservationValidatorSimple" name="test_validate_invalid_shape" time="0.001" /><testcase classname="tests.unit.data_processing.test_observation_validator_simple.TestObservationValidatorSimple" name="test_validation_report_export" time="0.001" /><testcase classname="tests.unit.data_processing.test_observation_validator_simple.TestObservationValidatorSimple" name="test_validation_statistics" time="0.001" /><testcase classname="tests.unit.data_processing.test_parallel_processor.TestParallelProcessor" name="test_apply_dataframe" time="0.004" /><testcase classname="tests.unit.data_processing.test_parallel_processor.TestParallelProcessor" name="test_apply_dict" time="0.001" /><testcase classname="tests.unit.data_processing.test_parallel_processor.TestParallelProcessor" name="test_apply_list" time="0.001" /><testcase classname="tests.unit.data_processing.test_parallel_processor.TestParallelProcessor" name="test_chunked" time="0.000" /><testcase classname="tests.unit.data_processing.test_parallel_processor.TestParallelProcessor" name="test_initialization" time="0.000" /><testcase classname="tests.unit.data_processing.test_parallel_processor.TestParallelProcessor" name="test_map_processes" time="0.002" /><testcase classname="tests.unit.data_processing.test_parallel_processor.TestParallelProcessor" name="test_map_threads" time="0.002" /><testcase classname="tests.unit.data_processing.test_parallel_processor.TestParallelProcessor" name="test_process_chunk" time="0.000" /><testcase classname="tests.unit.data_processing.test_parallel_processor.TestParallelApply" name="test_parallel_apply" time="0.001" /><testcase classname="tests.unit.data_processing.test_parallel_processor.TestBatchProcess" name="test_batch_process" time="0.001" /><testcase classname="tests.unit.data_processing.test_parallel_processor.TestBatchProcess" name="test_batch_process_empty" time="0.000" /><testcase classname="tests.unit.data_processing.test_preprocessing_cache.TestPreprocessingCache" name="test_cache_operations" time="0.202" /><testcase classname="tests.unit.data_processing.test_preprocessing_cache.TestPreprocessingCache" name="test_clear_cache" time="0.001" /><testcase classname="tests.unit.data_processing.test_preprocessing_cache.TestPreprocessingCache" name="test_disk_cache" time="0.001" /><testcase classname="tests.unit.data_processing.test_preprocessing_cache.TestPreprocessingCache" name="test_get_data_hash" time="0.002" /><testcase classname="tests.unit.data_processing.test_preprocessing_cache.TestPreprocessingCache" name="test_initialization" time="0.000" /><testcase classname="tests.unit.data_processing.test_preprocessing_cache.TestPreprocessingCache" name="test_memory_cache_eviction" time="0.000" /><testcase classname="tests.unit.data_processing.test_preprocessing_cache.TestCachedFunctionDecorator" name="test_cached_function" time="0.001" /><testcase classname="tests.unit.data_processing.test_preprocessing_cache.TestGlobalCache" name="test_get_global_cache" time="0.006" /><testcase classname="tests.unit.data_processing.test_preprocessing_cache.TestGlobalCache" name="test_global_cache_with_custom_dir" time="0.002" /><testcase classname="tests.unit.data_processing.test_state_builder.TestStateBuilder" name="test_build_observation" time="0.133"><failure message="AssertionError: Tuples differ: (2, 100, 15) != (2, 100, 5)&#10;&#10;First differing element 2:&#10;15&#10;5&#10;&#10;- (2, 100, 15)&#10;?          -&#10;&#10;+ (2, 100, 5)">tests/unit/data_processing/test_state_builder.py:90: in test_build_observation
    self.assertEqual(obs_array.shape, (2, 100, 5))  # 2 timeframes, 100 window, 5 features
    ^^^^^^^^^^^^^^^^^^^^^^^^^^^^^^^^^^^^^^^^^^^^^^
E   AssertionError: Tuples differ: (2, 100, 15) != (2, 100, 5)
E   
E   First differing element 2:
E   15
E   5
E   
E   - (2, 100, 15)
E   ?          -
E   
E   + (2, 100, 5)</failure></testcase><testcase classname="tests.unit.data_processing.test_state_builder.TestStateBuilder" name="test_initialization" time="0.134" /><testcase classname="tests.unit.data_processing.test_state_builder.TestStateBuilder" name="test_portfolio_state_inclusion" time="0.256"><failure message="AssertionError: 'portfolio_state' unexpectedly found in {'observation': array([[[0., 0., 0., ..., 0., 0., 0.],&#10;        [0., 0., 0., ..., 0., 0., 0.],&#10;        [0., 0., 0., ..., 0., 0., 0.],&#10;        ...,&#10;        [0., 0., 0., ..., 0., 0., 0.],&#10;        [0., 0., 0., ..., 0., 0., 0.],&#10;        [0., 0., 0., ..., 0., 0., 0.]],&#10;&#10;       [[0., 0., 0., ..., 0., 0., 0.],&#10;        [0., 0., 0., ..., 0., 0., 0.],&#10;        [0., 0., 0., ..., 0., 0., 0.],&#10;        ...,&#10;        [0., 0., 0., ..., 0., 0., 0.],&#10;        [0., 0., 0., ..., 0., 0., 0.],&#10;        [0., 0., 0., ..., 0., 0., 0.]]], dtype=float32), 'portfolio_state': array([0., 0., 0., 0., 0., 0., 0., 0., 0., 0., 0., 0., 0., 0., 0., 0., 0.],&#10;      dtype=float32)}">tests/unit/data_processing/test_state_builder.py:130: in test_portfolio_state_inclusion
    self.assertNotIn('portfolio_state', observation)
E   AssertionError: 'portfolio_state' unexpectedly found in {'observation': array([[[0., 0., 0., ..., 0., 0., 0.],
E           [0., 0., 0., ..., 0., 0., 0.],
E           [0., 0., 0., ..., 0., 0., 0.],
E           ...,
E           [0., 0., 0., ..., 0., 0., 0.],
E           [0., 0., 0., ..., 0., 0., 0.],
E           [0., 0., 0., ..., 0., 0., 0.]],
E   
E          [[0., 0., 0., ..., 0., 0., 0.],
E           [0., 0., 0., ..., 0., 0., 0.],
E           [0., 0., 0., ..., 0., 0., 0.],
E           ...,
E           [0., 0., 0., ..., 0., 0., 0.],
E           [0., 0., 0., ..., 0., 0., 0.],
E           [0., 0., 0., ..., 0., 0., 0.]]], dtype=float32), 'portfolio_state': array([0., 0., 0., 0., 0., 0., 0., 0., 0., 0., 0., 0., 0., 0., 0., 0., 0.],
E         dtype=float32)}</failure></testcase><testcase classname="tests.unit.data_processing.test_state_builder.TestStateBuilder" name="test_validation_checks" time="0.131"><failure message="AssertionError: ValueError not raised">tests/unit/data_processing/test_state_builder.py:99: in test_validation_checks
    with self.assertRaises(ValueError):
E   AssertionError: ValueError not raised</failure></testcase><testcase classname="tests.unit.data_processing.test_state_builder.TestStateBuilder" name="test_window_adaptation" time="0.143"><failure message="AssertionError: Tuples differ: (2, 100, 15) != (2, 100, 5)&#10;&#10;First differing element 2:&#10;15&#10;5&#10;&#10;- (2, 100, 15)&#10;?          -&#10;&#10;+ (2, 100, 5)">tests/unit/data_processing/test_state_builder.py:113: in test_window_adaptation
    self.assertEqual(obs_array.shape, (2, 100, 5))
E   AssertionError: Tuples differ: (2, 100, 15) != (2, 100, 5)
E   
E   First differing element 2:
E   15
E   5
E   
E   - (2, 100, 15)
E   ?          -
E   
E   + (2, 100, 5)</failure></testcase><testcase classname="tests.unit.environment.test_action_translator.TestActionTranslator" name="test_buy_action_single_asset" time="0.001" /><testcase classname="tests.unit.environment.test_action_translator.TestActionTranslator" name="test_capital_tier_upgrade" time="0.001" /><testcase classname="tests.unit.environment.test_action_translator.TestActionTranslator" name="test_hold_action" time="0.000" /><testcase classname="tests.unit.environment.test_action_translator.TestActionTranslator" name="test_insufficient_funds" time="0.001" /><testcase classname="tests.unit.environment.test_action_translator.TestActionTranslator" name="test_invalid_action_dimensions" time="0.000" /><testcase classname="tests.unit.environment.test_action_translator.TestActionTranslator" name="test_missing_price" time="0.000" /><testcase classname="tests.unit.environment.test_action_translator.TestActionTranslator" name="test_multiple_positions" time="0.000" /><testcase classname="tests.unit.environment.test_action_translator.TestActionTranslator" name="test_sell_action" time="0.001" /><testcase classname="tests.unit.environment.test_adaptive_reward_calculator.TestRewardCalculator" name="test_calculate_reward_profitable_trade" time="0.001" /><testcase classname="tests.unit.environment.test_adaptive_reward_calculator.TestRewardCalculator" name="test_calculate_reward_unprofitable_trade" time="0.001" /><testcase classname="tests.unit.environment.test_adaptive_reward_calculator.TestRewardCalculator" name="test_calmar_ratio_calculation" time="0.001" /><testcase classname="tests.unit.environment.test_adaptive_reward_calculator.TestRewardCalculator" name="test_composite_score_calculation" time="0.001" /><testcase classname="tests.unit.environment.test_adaptive_reward_calculator.TestRewardCalculator" name="test_inaction_penalty" time="0.001" /><testcase classname="tests.unit.environment.test_adaptive_reward_calculator.TestRewardCalculator" name="test_initialization" time="0.001" /><testcase classname="tests.unit.environment.test_adaptive_reward_calculator.TestRewardCalculator" name="test_optimal_trade_bonus" time="0.001" /><testcase classname="tests.unit.environment.test_adaptive_reward_calculator.TestRewardCalculator" name="test_sharpe_ratio_calculation" time="0.001" /><testcase classname="tests.unit.environment.test_adaptive_reward_calculator.TestRewardCalculator" name="test_sortino_ratio_calculation" time="0.001" /><testcase classname="tests.unit.environment.test_checkpoint_manager.TestCheckpointMetadata" name="test_metadata_creation" time="0.000" /><testcase classname="tests.unit.environment.test_checkpoint_manager.TestCheckpointManager" name="test_checkpoint_interval" time="0.004" /><testcase classname="tests.unit.environment.test_checkpoint_manager.TestCheckpointManager" name="test_list_checkpoints" time="0.003" /><testcase classname="tests.unit.environment.test_checkpoint_manager.TestCheckpointManager" name="test_load_latest_checkpoint" time="0.005" /><testcase classname="tests.unit.environment.test_checkpoint_manager.TestCheckpointManager" name="test_max_checkpoints" time="0.005" /><testcase classname="tests.unit.environment.test_checkpoint_manager.TestCheckpointManager" name="test_save_and_load_checkpoint" time="0.008" /><testcase classname="tests.unit.environment.test_circuit_breaker.TestCircuitBreaker" name="test_call_method" time="0.001" /><testcase classname="tests.unit.environment.test_circuit_breaker.TestCircuitBreaker" name="test_callable_instance" time="0.001" /><testcase classname="tests.unit.environment.test_circuit_breaker.TestCircuitBreaker" name="test_circuit_half_open_recovery" time="0.002" /><testcase classname="tests.unit.environment.test_circuit_breaker.TestCircuitBreaker" name="test_circuit_opens_after_threshold" time="0.001" /><testcase classname="tests.unit.environment.test_circuit_breaker.TestCircuitBreaker" name="test_custom_exceptions" time="0.001" /><testcase classname="tests.unit.environment.test_circuit_breaker.TestCircuitBreaker" name="test_failure_below_threshold" time="0.001" /><testcase classname="tests.unit.environment.test_circuit_breaker.TestCircuitBreaker" name="test_initial_state" time="0.000" /><testcase classname="tests.unit.environment.test_circuit_breaker.TestCircuitBreaker" name="test_recovery_after_timeout" time="0.002" /><testcase classname="tests.unit.environment.test_circuit_breaker.TestCircuitBreaker" name="test_successful_call" time="0.001" /><testcase classname="tests.unit.environment.test_circuit_breaker.TestCircuitBreaker" name="test_unexpected_exceptions" time="0.001" /><testcase classname="tests.unit.environment.test_data_handler.TestDataHandler" name="test_get_current_observation" time="0.001" /><testcase classname="tests.unit.environment.test_data_handler.TestDataHandler" name="test_get_current_prices" time="0.001" /><testcase classname="tests.unit.environment.test_data_handler.TestDataHandler" name="test_step" time="0.001" /><testcase classname="tests.unit.environment.test_error_handling.TestErrorEnums" name="test_error_category" time="0.000" /><testcase classname="tests.unit.environment.test_error_handling.TestErrorEnums" name="test_error_severity" time="0.000" /><testcase classname="tests.unit.environment.test_error_handling.TestErrorContext" name="test_error_context_creation" time="0.000" /><testcase classname="tests.unit.environment.test_error_handling.TestTradingError" name="test_configuration_error" time="0.000" /><testcase classname="tests.unit.environment.test_error_handling.TestTradingError" name="test_data_error" time="0.000" /><testcase classname="tests.unit.environment.test_error_handling.TestTradingError" name="test_network_error" time="0.000" /><testcase classname="tests.unit.environment.test_error_handling.TestTradingError" name="test_trading_error_creation" time="0.000" /><testcase classname="tests.unit.environment.test_error_handling.TestErrorHandler" name="test_max_retries_exceeded" time="0.001"><failure message="TypeError: ErrorHandler.with_retry() missing 1 required positional argument: 'func'">tests/unit/environment/test_error_handling.py:139: in test_max_retries_exceeded
    @self.handler.with_retry(retry_exceptions=(ValueError,))
     ^^^^^^^^^^^^^^^^^^^^^^^^^^^^^^^^^^^^^^^^^^^^^^^^^^^^^^^
E   TypeError: ErrorHandler.with_retry() missing 1 required positional argument: 'func'</failure></testcase><testcase classname="tests.unit.environment.test_error_handling.TestErrorHandler" name="test_retry_and_succeed" time="0.001"><failure message="TypeError: ErrorHandler.with_retry() missing 1 required positional argument: 'func'">tests/unit/environment/test_error_handling.py:124: in test_retry_and_succeed
    @self.handler.with_retry(retry_exceptions=(ValueError,))
     ^^^^^^^^^^^^^^^^^^^^^^^^^^^^^^^^^^^^^^^^^^^^^^^^^^^^^^^
E   TypeError: ErrorHandler.with_retry() missing 1 required positional argument: 'func'</failure></testcase><testcase classname="tests.unit.environment.test_error_handling.TestErrorHandler" name="test_retry_delays" time="0.001"><failure message="TypeError: ErrorHandler.with_retry() missing 1 required positional argument: 'func'">tests/unit/environment/test_error_handling.py:155: in test_retry_delays
    @self.handler.with_retry(retry_exceptions=(ValueError,))
     ^^^^^^^^^^^^^^^^^^^^^^^^^^^^^^^^^^^^^^^^^^^^^^^^^^^^^^^
E   TypeError: ErrorHandler.with_retry() missing 1 required positional argument: 'func'</failure></testcase><testcase classname="tests.unit.environment.test_error_handling.TestErrorHandler" name="test_successful_execution" time="0.001" /><testcase classname="tests.unit.environment.test_error_handling.TestHandleErrorsDecorator" name="test_handle_errors_decorator" time="0.101" /><testcase classname="tests.unit.environment.test_portfolio_manager_env.TestPortfolioManager" name="test_futures_commission" time="0.001" /><testcase classname="tests.unit.environment.test_portfolio_manager_env.TestPortfolioManager" name="test_initial_state" time="0.001" /><testcase classname="tests.unit.environment.test_portfolio_manager_env.TestPortfolioManager" name="test_liquidation" time="0.001" /><testcase classname="tests.unit.environment.test_portfolio_manager_env.TestPortfolioManager" name="test_open_and_close_position_spot" time="0.002" /><testcase classname="tests.unit.environment.test_portfolio_manager_env.TestPortfolioManager" name="test_rebalance" time="0.003" /><testcase classname="tests.unit.environment.test_portfolio_manager_env.TestPortfolioManager" name="test_validate_position_insufficient_cash" time="0.001" /><testcase classname="tests.unit.environment.test_portfolio_manager_env.TestPortfolioManager" name="test_validate_position_invalid_notional_value_high" time="0.001" /><testcase classname="tests.unit.environment.test_portfolio_manager_env.TestPortfolioManager" name="test_validate_position_invalid_notional_value_low" time="0.001" /><testcase classname="tests.unit.environment.test_portfolio_manager_env.TestPortfolioManager" name="test_validate_position_invalid_size" time="0.001" /><testcase classname="tests.unit.environment.test_portfolio_manager_env.TestPortfolioManager" name="test_validate_position_valid" time="0.001" /><testcase classname="tests.unit.environment.test_reward_calculator.TestAdaptiveRewardCalculator" name="test_optimal_trade_bonus_calculation" time="0.000" /><testcase classname="tests.unit.environment.test_reward_calculator.TestAdaptiveRewardCalculator" name="test_reward_adaptation_volatile" time="0.000" /><testcase classname="tests.unit.environment.test_reward_calculator.TestAdaptiveRewardCalculator" name="test_smooth_regime_transition" time="0.000" /><testcase classname="tests.unit.environment.test_reward_calculator.TestAdaptiveRewardCalculator" name="test_smooth_transition" time="0.000" /><testcase classname="tests.unit.environment.test_shared_experience_buffer" name="test_buffer_initialization" time="0.033" /><testcase classname="tests.unit.environment.test_shared_experience_buffer" name="test_add_experience" time="0.024" /><testcase classname="tests.unit.environment.test_shared_experience_buffer" name="test_sample_experience" time="0.026" /><testcase classname="tests.unit.environment.test_shared_experience_buffer" name="test_priority_updates" time="0.025" /><testcase classname="tests.unit.environment.test_shared_experience_buffer" name="test_buffer_wraparound" time="0.030" /><testcase classname="tests.unit.environment.test_shared_experience_buffer" name="test_serialization" time="0.023" /><testcase classname="tests.unit.environment.test_shared_experience_buffer" name="test_concurrent_access" time="0.471" /><testcase classname="tests.unit.model.test_custom_cnn.TestCustomCNN" name="test_forward_pass" time="0.108" /><testcase classname="tests.unit.model.test_custom_cnn.TestCustomCNN" name="test_mixed_precision" time="0.033" /><testcase classname="tests.unit.model.test_custom_cnn.TestCustomCNN" name="test_model_compilation" time="0.005" /><testcase classname="tests.unit.model.test_custom_cnn.TestCustomCNN" name="test_optimize_for_inference" time="0.172" /><testcase classname="tests.unit.model.test_model_ensemble.TestModelPerformance" name="test_initial_accuracy" time="0.000" /><testcase classname="tests.unit.model.test_model_ensemble.TestModelPerformance" name="test_serialization" time="0.000" /><testcase classname="tests.unit.model.test_model_ensemble.TestModelPerformance" name="test_update_performance_correct" time="0.000" /><testcase classname="tests.unit.model.test_model_ensemble.TestModelPerformance" name="test_update_performance_incorrect" time="0.000" /><testcase classname="tests.unit.model.test_model_ensemble.TestVotingMechanism" name="test_average_voting" time="0.006" /><testcase classname="tests.unit.model.test_model_ensemble.TestVotingMechanism" name="test_invalid_method" time="0.001" /><testcase classname="tests.unit.model.test_model_ensemble.TestVotingMechanism" name="test_majority_voting" time="0.001" /><testcase classname="tests.unit.model.test_model_ensemble.TestVotingMechanism" name="test_weighted_voting" time="0.001" /><testcase classname="tests.unit.model.test_model_ensemble.TestModelEnsemble" name="test_add_remove_model" time="0.001" /><testcase classname="tests.unit.model.test_model_ensemble.TestModelEnsemble" name="test_ensemble_with_no_models" time="0.001" /><testcase classname="tests.unit.model.test_model_ensemble.TestModelEnsemble" name="test_get_best_model" time="0.001" /><testcase classname="tests.unit.model.test_model_ensemble.TestModelEnsemble" name="test_predict" time="0.001" /><testcase classname="tests.unit.model.test_model_ensemble.TestModelEnsemble" name="test_save_load_performance" time="0.001" /><testcase classname="tests.unit.model.test_model_ensemble.TestModelEnsemble" name="test_update_performance" time="0.001" /><testcase classname="tests.unit.model.test_model_ensemble.TestModelEnsemble" name="test_update_weights" time="0.001" /><testcase classname="tests.unit.monitoring.test_alert_system.TestAlertSystem" name="test_add_and_remove_rule" time="0.002" /><testcase classname="tests.unit.monitoring.test_alert_system.TestAlertSystem" name="test_alert_cooldown" time="0.002" /><testcase classname="tests.unit.monitoring.test_alert_system.TestAlertSystem" name="test_enable_disable_rule" time="0.002" /><testcase classname="tests.unit.monitoring.test_alert_system.TestAlertSystem" name="test_evaluate_rules" time="0.002" /><testcase classname="tests.unit.monitoring.test_alert_system.TestAlertSystem" name="test_get_alerts" time="0.002" /><testcase classname="tests.unit.monitoring.test_alert_system.TestAlertSystem" name="test_shutdown" time="0.001" /><testcase classname="tests.unit.monitoring.test_alert_system.TestAlertSystem" name="test_webhook_notification" time="0.003" /><testcase classname="tests.unit.monitoring.test_alert_system.TestAlertRule" name="test_condition_evaluation" time="0.000" /><testcase classname="tests.unit.monitoring.test_alert_system.TestAlertRule" name="test_cooldown" time="0.000" /><testcase classname="tests.unit.monitoring.test_alert_system.TestAlertRule" name="test_message_formatting" time="0.000" /><testcase classname="tests.unit.optimization.test_hyperparameter_optimizer.TestHyperparameterOptimizer" name="test_create_study" time="0.414" /><testcase classname="tests.unit.optimization.test_hyperparameter_optimizer.TestHyperparameterOptimizer" name="test_get_best_params" time="0.094" /><testcase classname="tests.unit.optimization.test_hyperparameter_optimizer.TestHyperparameterOptimizer" name="test_get_best_trial" time="0.088" /><testcase classname="tests.unit.optimization.test_hyperparameter_optimizer.TestHyperparameterOptimizer" name="test_optimize" time="0.061" /><testcase classname="tests.unit.optimization.test_hyperparameter_optimizer.TestHyperparameterOptimizer" name="test_suggest_hyperparameters" time="0.002" /><testcase classname="tests.unit.training.test_parallel_trainer_timeout" name="test_parallel_trainer_timeout_context_manager" time="0.201" /><testcase classname="tests.unit.training.test_trainer_timeout_integration" name="test_trainer_respects_timeout_and_saves_checkpoint" time="0.212" /><testcase classname="tests.unit.utils.test_log_utils.TestLogManager" name="test_cleanup_old_logs" time="0.001" /><testcase classname="tests.unit.utils.test_log_utils.TestLogManager" name="test_rotate_logs_creates_backup" time="0.001" /><testcase classname="tests.unit.utils.test_log_utils.TestLogManager" name="test_rotate_logs_respects_backup_count" time="0.302" /><testcase classname="tests.unit.utils.test_log_utils.TestLogManager" name="test_search_logs_finds_matching_entries" time="0.002" /><testcase classname="tests.unit.utils.test_log_utils.TestSetupLogManagement" name="test_setup_log_management_with_config" time="0.001" /><testcase classname="tests.unit.utils.test_log_utils.TestSetupLogManagement" name="test_setup_log_management_without_config" time="0.001" /><testcase classname="tests.unit.utils.test_timeout_manager" name="test_timeout_manager_success_no_timeout" time="0.201" /><testcase classname="tests.unit.utils.test_timeout_manager" name="test_timeout_manager_triggered" time="0.200" /><testcase classname="tests.unit.utils.test_timeout_manager" name="test_timeout_manager_decorator" time="0.200" /><testcase classname="tests.unit.utils.test_timeout_manager" name="test_timeout_manager_cleanup_called" time="0.201" /><testcase classname="tests.unit.utils.test_timeout_manager" name="test_timeout_manager_very_short_timeout" time="0.031" /></testsuite></testsuites>